<testsuites id="" name="" tests="1" failures="0" skipped="0" errors="0" time="12.489423">
<testsuite name="org-workflows.test.ts" timestamp="2026-03-19T18:18:28.682Z" hostname="chromium" tests="1" failures="0" skipped="0" time="11.587" errors="0">
<testcase name="i can approve a pending org" classname="org-workflows.test.ts" time="11.587">
<system-out>
<![CDATA[signing in to: https://administer-orgs.aat.platform.hmcts.net/
Signed in as vamshiadminuser@mailnesia.com
]]>
</system-out>
</testcase>
</testsuite>
</testsuites>